[22:14:04] [ServerMain/INFO]: [bootstrap] Running Java 21 (OpenJDK 64-Bit Server VM 21.0.7+6-Ubuntu-0ubuntu124.04; Ubuntu null) on Linux 6.8.0-1027-azure (amd64)
[22:14:04] [ServerMain/INFO]: [bootstrap] Loading Paper 1.21-130-master@b1b5d4c (2024-08-10T10:02:42Z) for Minecraft 1.21
[22:14:04] [ServerMain/INFO]: [PluginInitializerManager] Initializing plugins...
[22:14:11] [ServerMain/INFO]: [PluginInitializerManager] Initialized 13 plugins
[22:14:11] [ServerMain/INFO]: [PluginInitializerManager] Paper plugins (1):
 - Minepacks (2.4.32.1-T20250622105035)
[22:14:11] [ServerMain/INFO]: [PluginInitializerManager] Bukkit plugins (12):
 - BlockLocker (1.13), ChestShop (3.12.2 (build 353)), CoreProtect (23.0-RC1), DeathChest (2.2.8), DeathCoordinates (1.12.1), Essentials (2.21.1), EssentialsChat (2.21.1), OpenAudioMc (6.10.11), SinglePlayerSleep (1.20_2.13.54), SkinsRestorer (15.7.4), Vault (1.7.3-b131), dynmap (3.7-SNAPSHOT-991)
[22:14:21] [ServerMain/INFO]: Environment: Environment[sessionHost=https://sessionserver.mojang.com, servicesHost=https://api.minecraftservices.com, name=PROD]
[22:14:25] [ServerMain/INFO]: Loaded 1290 recipes
[22:14:25] [ServerMain/INFO]: Loaded 1399 advancements
[22:14:26] [Server thread/INFO]: Starting minecraft server version 1.21
[22:14:26] [Server thread/INFO]: Loading properties
[22:14:26] [Server thread/INFO]: This server is running Paper version 1.21-130-master@b1b5d4c (2024-08-10T10:02:42Z) (Implementing API version 1.21-R0.1-SNAPSHOT)
[22:14:27] [Server thread/INFO]: [spark] This server bundles the spark profiler. For more information please visit https://docs.papermc.io/paper/profiling
[22:14:27] [Server thread/INFO]: Server Ping Player Sample Count: 12
[22:14:27] [Server thread/INFO]: Using 4 threads for Netty based IO
[22:14:27] [Server thread/INFO]: [ChunkTaskScheduler] Chunk system is using 1 I/O threads, 1 worker threads, and population gen parallelism of 1 threads
[22:14:28] [Server thread/INFO]: Default game type: SURVIVAL
[22:14:28] [Server thread/INFO]: Generating keypair
[22:14:28] [Server thread/INFO]: Starting Minecraft server on *:25565
[22:14:28] [Server thread/INFO]: Using epoll channel type
[22:14:28] [Server thread/INFO]: Paper: Using libdeflate (Linux x86_64) compression from Velocity.
[22:14:28] [Server thread/INFO]: Paper: Using OpenSSL 3.0.x (Linux x86_64) cipher from Velocity.
[22:14:30] [Server thread/INFO]: [SpigotLibraryLoader] [DeathChest] Loading 8 libraries... please wait
[22:14:31] [Server thread/INFO]: [SpigotLibraryLoader] [DeathChest] Loaded library /workspaces/cobbleServerMC/servidor_minecraft/libraries/org/apache/commons/commons-text/1.10.0/commons-text-1.10.0.jar
[22:14:31] [Server thread/INFO]: [SpigotLibraryLoader] [DeathChest] Loaded library /workspaces/cobbleServerMC/servidor_minecraft/libraries/org/apache/commons/commons-lang3/3.12.0/commons-lang3-3.12.0.jar
[22:14:31] [Server thread/INFO]: [SpigotLibraryLoader] [DeathChest] Loaded library /workspaces/cobbleServerMC/servidor_minecraft/libraries/com/google/inject/guice/7.0.0/guice-7.0.0.jar
[22:14:31] [Server thread/INFO]: [SpigotLibraryLoader] [DeathChest] Loaded library /workspaces/cobbleServerMC/servidor_minecraft/libraries/jakarta/inject/jakarta.inject-api/2.0.1/jakarta.inject-api-2.0.1.jar
[22:14:31] [Server thread/INFO]: [SpigotLibraryLoader] [DeathChest] Loaded library /workspaces/cobbleServerMC/servidor_minecraft/libraries/aopalliance/aopalliance/1.0/aopalliance-1.0.jar
[22:14:31] [Server thread/INFO]: [SpigotLibraryLoader] [DeathChest] Loaded library /workspaces/cobbleServerMC/servidor_minecraft/libraries/com/google/guava/guava/31.0.1-jre/guava-31.0.1-jre.jar
[22:14:31] [Server thread/INFO]: [SpigotLibraryLoader] [DeathChest] Loaded library /workspaces/cobbleServerMC/servidor_minecraft/libraries/com/google/guava/failureaccess/1.0.1/failureaccess-1.0.1.jar
[22:14:31] [Server thread/INFO]: [SpigotLibraryLoader] [DeathChest] Loaded library /workspaces/cobbleServerMC/servidor_minecraft/libraries/com/google/guava/listenablefuture/9999.0-empty-to-avoid-conflict-with-guava/listenablefuture-9999.0-empty-to-avoid-conflict-with-guava.jar
[22:14:31] [Server thread/INFO]: [SpigotLibraryLoader] [DeathChest] Loaded library /workspaces/cobbleServerMC/servidor_minecraft/libraries/com/google/code/findbugs/jsr305/3.0.2/jsr305-3.0.2.jar
[22:14:31] [Server thread/INFO]: [SpigotLibraryLoader] [DeathChest] Loaded library /workspaces/cobbleServerMC/servidor_minecraft/libraries/com/google/errorprone/error_prone_annotations/2.7.1/error_prone_annotations-2.7.1.jar
[22:14:31] [Server thread/INFO]: [SpigotLibraryLoader] [DeathChest] Loaded library /workspaces/cobbleServerMC/servidor_minecraft/libraries/com/google/j2objc/j2objc-annotations/1.3/j2objc-annotations-1.3.jar
[22:14:31] [Server thread/INFO]: [SpigotLibraryLoader] [DeathChest] Loaded library /workspaces/cobbleServerMC/servidor_minecraft/libraries/cloud/commandframework/cloud-core/1.7.1/cloud-core-1.7.1.jar
[22:14:31] [Server thread/INFO]: [SpigotLibraryLoader] [DeathChest] Loaded library /workspaces/cobbleServerMC/servidor_minecraft/libraries/cloud/commandframework/cloud-services/1.7.1/cloud-services-1.7.1.jar
[22:14:31] [Server thread/INFO]: [SpigotLibraryLoader] [DeathChest] Loaded library /workspaces/cobbleServerMC/servidor_minecraft/libraries/io/leangen/geantyref/geantyref/1.3.13/geantyref-1.3.13.jar
[22:14:31] [Server thread/INFO]: [SpigotLibraryLoader] [DeathChest] Loaded library /workspaces/cobbleServerMC/servidor_minecraft/libraries/org/checkerframework/checker-qual/3.22.1/checker-qual-3.22.1.jar
[22:14:31] [Server thread/INFO]: [SpigotLibraryLoader] [DeathChest] Loaded library /workspaces/cobbleServerMC/servidor_minecraft/libraries/org/apiguardian/apiguardian-api/1.1.2/apiguardian-api-1.1.2.jar
[22:14:31] [Server thread/INFO]: [SpigotLibraryLoader] [DeathChest] Loaded library /workspaces/cobbleServerMC/servidor_minecraft/libraries/cloud/commandframework/cloud-bukkit/1.7.1/cloud-bukkit-1.7.1.jar
[22:14:31] [Server thread/INFO]: [SpigotLibraryLoader] [DeathChest] Loaded library /workspaces/cobbleServerMC/servidor_minecraft/libraries/cloud/commandframework/cloud-brigadier/1.7.1/cloud-brigadier-1.7.1.jar
[22:14:31] [Server thread/INFO]: [SpigotLibraryLoader] [DeathChest] Loaded library /workspaces/cobbleServerMC/servidor_minecraft/libraries/cloud/commandframework/cloud-tasks/1.7.1/cloud-tasks-1.7.1.jar
[22:14:31] [Server thread/INFO]: [SpigotLibraryLoader] [DeathChest] Loaded library /workspaces/cobbleServerMC/servidor_minecraft/libraries/net/kyori/adventure-platform-bukkit/4.3.0/adventure-platform-bukkit-4.3.0.jar
[22:14:31] [Server thread/INFO]: [SpigotLibraryLoader] [DeathChest] Loaded library /workspaces/cobbleServerMC/servidor_minecraft/libraries/net/kyori/adventure-platform-api/4.3.0/adventure-platform-api-4.3.0.jar
[22:14:31] [Server thread/INFO]: [SpigotLibraryLoader] [DeathChest] Loaded library /workspaces/cobbleServerMC/servidor_minecraft/libraries/net/kyori/adventure-text-serializer-bungeecord/4.3.0/adventure-text-serializer-bungeecord-4.3.0.jar
[22:14:31] [Server thread/INFO]: [SpigotLibraryLoader] [DeathChest] Loaded library /workspaces/cobbleServerMC/servidor_minecraft/libraries/net/kyori/adventure-nbt/4.13.0/adventure-nbt-4.13.0.jar
[22:14:31] [Server thread/INFO]: [SpigotLibraryLoader] [DeathChest] Loaded library /workspaces/cobbleServerMC/servidor_minecraft/libraries/net/kyori/examination-api/1.3.0/examination-api-1.3.0.jar
[22:14:31] [Server thread/INFO]: [SpigotLibraryLoader] [DeathChest] Loaded library /workspaces/cobbleServerMC/servidor_minecraft/libraries/net/kyori/examination-string/1.3.0/examination-string-1.3.0.jar
[22:14:31] [Server thread/INFO]: [SpigotLibraryLoader] [DeathChest] Loaded library /workspaces/cobbleServerMC/servidor_minecraft/libraries/org/jetbrains/annotations/24.0.1/annotations-24.0.1.jar
[22:14:31] [Server thread/INFO]: [SpigotLibraryLoader] [DeathChest] Loaded library /workspaces/cobbleServerMC/servidor_minecraft/libraries/net/kyori/adventure-text-serializer-gson/4.13.0/adventure-text-serializer-gson-4.13.0.jar
[22:14:31] [Server thread/INFO]: [SpigotLibraryLoader] [DeathChest] Loaded library /workspaces/cobbleServerMC/servidor_minecraft/libraries/net/kyori/adventure-text-serializer-gson-legacy-impl/4.13.0/adventure-text-serializer-gson-legacy-impl-4.13.0.jar
[22:14:31] [Server thread/INFO]: [SpigotLibraryLoader] [DeathChest] Loaded library /workspaces/cobbleServerMC/servidor_minecraft/libraries/net/kyori/adventure-platform-facet/4.3.0/adventure-platform-facet-4.3.0.jar
[22:14:31] [Server thread/INFO]: [SpigotLibraryLoader] [DeathChest] Loaded library /workspaces/cobbleServerMC/servidor_minecraft/libraries/net/kyori/adventure-platform-viaversion/4.3.0/adventure-platform-viaversion-4.3.0.jar
[22:14:31] [Server thread/INFO]: [SpigotLibraryLoader] [DeathChest] Loaded library /workspaces/cobbleServerMC/servidor_minecraft/libraries/net/kyori/adventure-text-minimessage/4.14.0/adventure-text-minimessage-4.14.0.jar
[22:14:31] [Server thread/INFO]: [SpigotLibraryLoader] [DeathChest] Loaded library /workspaces/cobbleServerMC/servidor_minecraft/libraries/net/kyori/adventure-api/4.14.0/adventure-api-4.14.0.jar
[22:14:31] [Server thread/INFO]: [SpigotLibraryLoader] [DeathChest] Loaded library /workspaces/cobbleServerMC/servidor_minecraft/libraries/net/kyori/adventure-key/4.14.0/adventure-key-4.14.0.jar
[22:14:31] [Server thread/INFO]: [SpigotLibraryLoader] [DeathChest] Loaded library /workspaces/cobbleServerMC/servidor_minecraft/libraries/net/kyori/adventure-text-serializer-legacy/4.14.0/adventure-text-serializer-legacy-4.14.0.jar
[22:14:31] [Server thread/INFO]: [SpigotLibraryLoader] [DeathChest] Loaded library /workspaces/cobbleServerMC/servidor_minecraft/libraries/org/bstats/bstats-bukkit/3.0.2/bstats-bukkit-3.0.2.jar
[22:14:31] [Server thread/INFO]: [SpigotLibraryLoader] [DeathChest] Loaded library /workspaces/cobbleServerMC/servidor_minecraft/libraries/org/bstats/bstats-base/3.0.2/bstats-base-3.0.2.jar
[22:14:31] [Server thread/INFO]: [Minepacks] PCGF-PluginLib not installed. Switching to standalone mode!
[22:14:31] [Server thread/INFO]: [Vault] Loading server plugin Vault v1.7.3-b131
[22:14:31] [Server thread/INFO]: [Essentials] Loading server plugin Essentials v2.21.1
[22:14:31] [Server thread/INFO]: [SkinsRestorer] Loading server plugin SkinsRestorer v15.7.4
[22:14:31] [Server thread/INFO]: [BlockLocker] Loading server plugin BlockLocker v1.13
[22:14:31] [Server thread/INFO]: [OpenAudioMc] Loading server plugin OpenAudioMc v6.10.11
[22:14:31] [Server thread/INFO]: [DeathCoordinates] Loading server plugin DeathCoordinates v1.12.1
[22:14:31] [Server thread/INFO]: [CoreProtect] Loading server plugin CoreProtect v23.0-RC1
[22:14:31] [Server thread/INFO]: [dynmap] Loading server plugin dynmap v3.7-SNAPSHOT-991
[22:14:31] [Server thread/INFO]: [dynmap] version=1.21-130-b1b5d4c (MC: 1.21)
[22:14:32] [Server thread/INFO]: [dynmap] Mod Support API available
[22:14:32] [Server thread/INFO]: [SinglePlayerSleep] Loading server plugin SinglePlayerSleep v1.20_2.13.54
[22:14:32] [Server thread/INFO]: [DeathChest] Loading server plugin DeathChest v2.2.8
[22:14:32] [Server thread/INFO]: [Minepacks] Loading server plugin Minepacks v2.4.32.1-T20250622105035
[22:14:32] [Server thread/INFO]: [EssentialsChat] Loading server plugin EssentialsChat v2.21.1
[22:14:32] [Server thread/INFO]: [ChestShop] Loading server plugin ChestShop v3.12.2 (build 353)
[22:14:32] [Server thread/INFO]: [ChestShop] BlockLocker version 1.13 loaded.
[22:14:32] [Server thread/INFO]: Server permissions file permissions.yml is empty, ignoring it
[22:14:32] [Server thread/INFO]: [Vault] Enabling Vault v1.7.3-b131
[22:14:32] [Server thread/INFO]: [Vault] [Economy] Essentials Economy found: Waiting
[22:14:32] [Server thread/INFO]: [Vault] [Permission] SuperPermissions loaded as backup permission system.
[22:14:33] [Server thread/INFO]: [Vault] Enabled Version 1.7.3-b131
[22:14:33] [Server thread/INFO]: [SkinsRestorer] Enabling SkinsRestorer v15.7.4
[22:14:37] [Server thread/INFO]: [SkinsRestorer] Running on Minecraft 1.21.0.
[22:14:39] [Server thread/INFO]: [SkinsRestorer] Using paper join listener!
[22:14:39] [Server thread/INFO]: [BlockLocker] Enabling BlockLocker v1.13
[22:14:39] [Server thread/WARN]: [org.bukkit.craftbukkit.legacy.CraftLegacy] Initializing Legacy Material Support. Unless you have legacy plugins and/or data this is a bug!
[22:14:39] [Folia Async Scheduler Thread #1/INFO]: [SkinsRestorer] ----------------------------------------------
[22:14:39] [Folia Async Scheduler Thread #1/INFO]: [SkinsRestorer]     +==================+
[22:14:40] [Folia Async Scheduler Thread #1/INFO]: [SkinsRestorer]     |   SkinsRestorer  |
[22:14:40] [Folia Async Scheduler Thread #1/INFO]: [SkinsRestorer]     |------------------|
[22:14:40] [Folia Async Scheduler Thread #1/INFO]: [SkinsRestorer]     |  Standalone Mode |
[22:14:40] [Folia Async Scheduler Thread #1/INFO]: [SkinsRestorer]     +==================+
[22:14:40] [Folia Async Scheduler Thread #1/INFO]: [SkinsRestorer] ----------------------------------------------
[22:14:40] [Folia Async Scheduler Thread #1/INFO]: [SkinsRestorer]     Version: 15.7.4
[22:14:40] [Folia Async Scheduler Thread #1/INFO]: [SkinsRestorer]     Commit: ed3d159
[22:14:40] [Folia Async Scheduler Thread #1/INFO]: [SkinsRestorer]     This is the latest version!
[22:14:40] [Folia Async Scheduler Thread #1/INFO]: [SkinsRestorer] ----------------------------------------------
[22:14:40] [Folia Async Scheduler Thread #1/INFO]: [SkinsRestorer] Do you have issues? Read our troubleshooting guide: https://skinsrestorer.net/docs/troubleshooting
[22:14:40] [Folia Async Scheduler Thread #1/INFO]: [SkinsRestorer] Want to support SkinsRestorer? Consider donating: https://skinsrestorer.net/donate
[22:14:56] [Server thread/WARN]: [BlockLocker] Cannot recognize material pale_oak_door, ignoring it
[22:14:56] [Server thread/WARN]: [BlockLocker] Cannot recognize material pale_oak_fence_gate, ignoring it
[22:14:56] [Server thread/WARN]: [BlockLocker] Cannot recognize material pale_oak_trapdoor, ignoring it
[22:14:56] [Server thread/WARN]: **** SERVER IS RUNNING IN OFFLINE/INSECURE MODE!
[22:14:56] [Server thread/WARN]: The server will make no attempt to authenticate usernames. Beware.
[22:14:56] [Server thread/WARN]: While this makes the game possible to play without internet access, it also opens up the ability for hackers to connect with any username they choose.
[22:14:56] [Server thread/WARN]: To change this, set "online-mode" to "true" in the server.properties file.
[22:14:56] [Server thread/INFO]: Preparing level "world"
[22:14:58] [Server thread/INFO]: Preparing start region for dimension minecraft:overworld
[22:15:00] [Server thread/INFO]: Time elapsed: 2681 ms
[22:15:00] [Server thread/INFO]: Preparing start region for dimension minecraft:the_nether
[22:15:01] [Server thread/INFO]: Time elapsed: 792 ms
[22:15:01] [Server thread/INFO]: Preparing start region for dimension minecraft:the_end
[22:15:01] [Server thread/INFO]: Time elapsed: 329 ms
[22:15:01] [Server thread/INFO]: [Essentials] Enabling Essentials v2.21.1
[22:15:04] [Server thread/ERROR]: [Essentials] You are running an unsupported server version!
[22:15:05] [Server thread/INFO]: [Essentials] Attempting to convert old kits in config.yml to new kits.yml
[22:15:05] [Server thread/INFO]: [Essentials] No kits found to migrate.
[22:15:05] [Server thread/INFO]: [Essentials] Selected 1.11+ Item Unbreakable Provider as the provider for ItemUnbreakableProvider
[22:15:05] [Server thread/INFO]: [Essentials] Selected Reflection Formatted Command Alias Provider as the provider for FormattedCommandAliasProvider
[22:15:05] [Server thread/INFO]: [Essentials] Selected 1.20.4+ Damage Event Provider as the provider for DamageEventProvider
[22:15:05] [Server thread/INFO]: [Essentials] Selected 1.21+ InventoryView Interface ABI Provider as the provider for InventoryViewProvider
[22:15:05] [Server thread/INFO]: [Essentials] Selected 1.12.2+ Player Locale Provider as the provider for PlayerLocaleProvider
[22:15:05] [Server thread/INFO]: [Essentials] Selected 1.12+ Spawner Block Provider as the provider for SpawnerBlockProvider
[22:15:05] [Server thread/INFO]: [Essentials] Selected 1.14+ Sign Data Provider as the provider for SignDataProvider
[22:15:05] [Server thread/INFO]: [Essentials] Selected 1.14.4+ Persistent Data Container Provider as the provider for PersistentDataProvider
[22:15:06] [Server thread/INFO]: [Essentials] Selected Paper Material Tag Provider as the provider for MaterialTagProvider
[22:15:06] [Server thread/INFO]: [Essentials] Selected Reflection Online Mode Provider as the provider for OnlineModeProvider
[22:15:06] [Server thread/INFO]: [Essentials] Selected Paper Tick Count Provider as the provider for TickCountProvider
[22:15:06] [Server thread/INFO]: [Essentials] Selected Paper Server State Provider as the provider for ServerStateProvider
[22:15:06] [Server thread/INFO]: [Essentials] Selected 1.17.1+ World Info Provider as the provider for WorldInfoProvider
[22:15:06] [Server thread/INFO]: [Essentials] Selected Paper Known Commands Provider as the provider for KnownCommandsProvider
[22:15:06] [Server thread/INFO]: [Essentials] Selected Paper Container Provider as the provider for ContainerProvider
[22:15:06] [Server thread/INFO]: [Essentials] Selected Reflection Sync Commands Provider as the provider for SyncCommandsProvider
[22:15:06] [Server thread/INFO]: [Essentials] Selected 1.20.6+ Potion Meta Provider as the provider for PotionMetaProvider
[22:15:06] [Server thread/INFO]: [Essentials] Selected 1.13+ Spawn Egg Provider as the provider for SpawnEggProvider
[22:15:06] [Server thread/INFO]: [Essentials] Selected 1.8.3+ Spawner Item Provider as the provider for SpawnerItemProvider
[22:15:06] [Server thread/INFO]: [Essentials] Selected Paper Biome Key Provider as the provider for BiomeKeyProvider
[22:15:06] [Server thread/INFO]: [Essentials] Selected 1.20.5+ Banner Data Provider as the provider for BannerDataProvider
[22:15:06] [Server thread/INFO]: [Essentials] Selected Paper Serialization Provider as the provider for SerializationProvider
[22:15:07] [Server thread/INFO]: [Essentials] Loaded 43517 items from items.json.
[22:15:07] [Server thread/INFO]: [Essentials] Using locale en
[22:15:07] [Server thread/INFO]: [Essentials] ServerListPingEvent: Spigot iterator API
[22:15:08] [Server thread/INFO]: [Essentials] Starting Metrics. Opt-out using the global bStats config.
[22:15:08] [Server thread/INFO]: [Vault] [Economy] Essentials Economy hooked.
[22:15:08] [Server thread/INFO]: [Essentials] Using superperms-based permissions.
[22:15:08] [Server thread/INFO]: [OpenAudioMc] Enabling OpenAudioMc v6.10.11
[22:15:09] [Server thread/INFO]: [OpenAudioMc] [info] Starting OpenAudioMc, build 1546 by Mats
[22:15:09] [Server thread/INFO]: [OpenAudioMc] [info] Using the main config file..
[22:15:09] [Server thread/INFO]: [OpenAudioMc] [info] Starting configuration module
[22:15:09] [Server thread/INFO]: [OpenAudioMc] [info] Using the main config file..
[22:15:09] [Server thread/INFO]: [OpenAudioMc] [info] Starting configuration module
[22:15:09] [Server thread/INFO]: [OpenAudioMc] [info] Detected md_5 chat support, using default user adapter
[22:15:09] [Server thread/INFO]: [OpenAudioMc] [info] Skipped 45/45 migrations.
[22:15:09] [Server thread/INFO]: [OpenAudioMc] [info] ModuleLoaderService: Loading modules from /workspaces/cobbleServerMC/servidor_minecraft/plugins/OpenAudioMc/modules
[22:15:09] [Server thread/INFO]: [OpenAudioMc] [info] Using networking class com.craftmend.openaudiomc.generic.networking.DefaultNetworkingService
[22:15:09] [Server thread/INFO]: [OpenAudioMc] [info] Initializing connection service...
[22:15:09] [Server thread/INFO]: [OpenAudioMc] [info] Starting authentication module
[22:15:09] [Server thread/INFO]: [OpenAudioMc] [info] This server already has an account, skipping sign up.
[22:15:10] [Server thread/INFO]: [OpenAudioMc] [info] DatabaseService: Adding spigot tables
[22:15:10] [Server thread/INFO]: [OpenAudioMc] [info] Registering storage table for Alias
[22:15:10] [Server thread/INFO]: [OpenAudioMc] [info] DatabaseService: Registering class <-> table (alias<->Alias.java)
[22:15:10] [Server thread/INFO]: [OpenAudioMc] [info] Registering storage table for ClientDataStore
[22:15:10] [Server thread/INFO]: [OpenAudioMc] [info] DatabaseService: Registering class <-> table (client_data_store<->ClientDataStore.java)
[22:15:10] [Server thread/INFO]: [OpenAudioMc] [info] Registering storage table for MojangProfile
[22:15:10] [Server thread/INFO]: [OpenAudioMc] [info] DatabaseService: Registering class <-> table (mojang_profile<->MojangProfile.java)
[22:15:10] [Server thread/INFO]: [OpenAudioMc] [info] Registering storage table for RegionProperties
[22:15:10] [Server thread/INFO]: [OpenAudioMc] [info] DatabaseService: Registering class <-> table (region_properties<->RegionProperties.java)
[22:15:10] [Server thread/INFO]: [OpenAudioMc] [info] Registering storage table for Speaker
[22:15:10] [Server thread/INFO]: [OpenAudioMc] [info] DatabaseService: Registering class <-> table (speaker<->Speaker.java)
[22:15:10] [Server thread/INFO]: [OpenAudioMc] [info] Registering storage table for StoredWorldChunk
[22:15:10] [Server thread/INFO]: [OpenAudioMc] [info] DatabaseService: Registering class <-> table (stored_world_chunk<->StoredWorldChunk.java)
[22:15:10] [Server thread/INFO]: [OpenAudioMc] [info] Registering storage table for TimedRegionProperties
[22:15:10] [Server thread/INFO]: [OpenAudioMc] [info] DatabaseService: Registering class <-> table (timed_region_properties<->TimedRegionProperties.java)
[22:15:10] [Server thread/INFO]: [OpenAudioMc] [info] Registering storage table for MediaRule
[22:15:10] [Server thread/INFO]: [OpenAudioMc] [info] DatabaseService: Registering class <-> table (media_rule<->MediaRule.java)
[22:15:11] [Server thread/INFO]: [OpenAudioMc] [info] Initializing account details
[22:15:16] [Server thread/INFO]: [OpenAudioMc] [info] The server is empty! ignoring voice chat.
[22:15:17] [Server thread/INFO]: [OpenAudioMc] [info] Loading aliases...
[22:15:17] [Server thread/INFO]: [OpenAudioMc] [info] Loaded 0 aliases
[22:15:17] [Server thread/INFO]: [OpenAudioMc] [info] Enabling the 1.13 speaker system
[22:15:17] [Server thread/INFO]: [OpenAudioMc] [info] Starting redstone speaker tick task with interval 5 ticks
[22:15:17] [Server thread/INFO]: [OpenAudioMc] [info] Registering storage table for Playlist
[22:15:17] [Server thread/INFO]: [OpenAudioMc] [info] DatabaseService: Registering class <-> table (playlists<->Playlist.java)
[22:15:17] [Server thread/INFO]: [OpenAudioMc] [info] Registering storage table for PlaylistEntry
[22:15:17] [Server thread/INFO]: [OpenAudioMc] [info] DatabaseService: Registering class <-> table (playlist_entries<->PlaylistEntry.java)
[22:15:17] [Server thread/INFO]: [OpenAudioMc] [info] Loaded 0 media chunks from file.
[22:15:17] [Server thread/INFO]: [OpenAudioMc] [info] Loading static voice channels..
[22:15:17] [Server thread/INFO]: [OpenAudioMc] [info] Created static channel: survival
[22:15:17] [Server thread/INFO]: [OpenAudioMc] [info] Created static channel: off-topic
[22:15:17] [Server thread/INFO]: [OpenAudioMc] [info] Created static channel: staff-chat
[22:15:17] [Server thread/INFO]: [OpenAudioMc] [info] Created static channel: admin-chat
[22:15:17] [Server thread/INFO]: [OpenAudioMc] [info] Loaded 4 static voice channels
[22:15:17] [Server thread/INFO]: [OpenAudioMc] [info] Plugin Essentials is already enabled, running handler
[22:15:17] [Server thread/INFO]: [OpenAudioMc] [info] The legacy cdn exporter is disabled, skipping boot.
[22:15:17] [Server thread/INFO]: [OpenAudioMc] [info] Starting and loading took 47983MS
[22:15:17] [Server thread/INFO]: [DeathCoordinates] Enabling DeathCoordinates v1.12.1
[22:15:17] [Server thread/INFO]: [DeathCoordinates] Has been enabled! Version: 1.12.1
[22:15:17] [Server thread/INFO]: [DeathCoordinates] Thanks for using my plugin!  ~Ajneb97
[22:15:17] [Server thread/INFO]: [CoreProtect] Enabling CoreProtect v23.0-RC1
[22:15:19] [Server thread/INFO]: [CoreProtect] CoreProtect Community Edition has been successfully enabled! 
[22:15:19] [Server thread/INFO]: [CoreProtect] Using SQLite for data storage.
[22:15:19] [Server thread/INFO]: --------------------
[22:15:19] [Server thread/INFO]: [CoreProtect] Enjoy CoreProtect? Join our Discord!
[22:15:19] [Server thread/INFO]: [CoreProtect] Discord: www.coreprotect.net/discord/
[22:15:19] [Server thread/INFO]: --------------------
[22:15:19] [Server thread/INFO]: [dynmap] Enabling dynmap v3.7-SNAPSHOT-991
[22:15:19] [Server thread/INFO]: [dynmap] Added 20 custom biome mappings
[22:15:19] [Server thread/INFO]: [dynmap] Using Vault provider SuperPerms for access control
[22:15:21] [Server thread/INFO]: [dynmap] Mod Support processing completed
[22:15:26] [Server thread/INFO]: [dynmap] Loaded 27 shaders.
[22:15:26] [Server thread/INFO]: [dynmap] Loaded 83 perspectives.
[22:15:26] [Server thread/INFO]: [dynmap] Loaded 22 lightings.
[22:15:26] [Server thread/INFO]: [dynmap] Starting enter/exit processing
[22:15:26] [Dynmap Render Thread/INFO]: [dynmap] Finish marker initialization
[22:15:27] [Server thread/INFO]: [dynmap] Web server started on address 0.0.0.0:57472
[22:15:27] [Server thread/INFO]: [dynmap] version 3.7-SNAPSHOT-991 is enabled - core version 3.7-SNAPSHOT-990
[22:15:27] [Server thread/INFO]: [dynmap] For support, visit our Discord at https://discord.gg/s3rd5qn
[22:15:27] [Server thread/INFO]: [dynmap] For news, visit https://reddit.com/r/Dynmap or follow https://universeodon.com/@dynmap
[22:15:27] [Server thread/INFO]: [dynmap] To report or track bugs, visit https://github.com/webbukkit/dynmap/issues
[22:15:27] [Server thread/INFO]: [dynmap] If you'd like to donate, please visit https://www.patreon.com/dynmap or https://ko-fi.com/michaelprimm
[22:15:27] [Server thread/INFO]: [dynmap] Loaded 3 maps of world 'world'.
[22:15:27] [Server thread/INFO]: [dynmap] Loaded 7 pending tile renders for world 'world'
[22:15:27] [Server thread/INFO]: [dynmap] Loaded 2 maps of world 'world_nether'.
[22:15:27] [Server thread/INFO]: [dynmap] Loaded 2 maps of world 'world_the_end'.
[22:15:27] [Server thread/INFO]: [dynmap] Enabled
[22:15:27] [Server thread/INFO]: [SinglePlayerSleep] Enabling SinglePlayerSleep v1.20_2.13.54
[22:15:27] [Server thread/INFO]: [SinglePlayerSleep] **************************************
[22:15:27] [Server thread/INFO]: [SinglePlayerSleep] v1.20_2.13.54 Loading...
[22:15:27] [Server thread/INFO]: [SinglePlayerSleep] Jar Filename: SinglePlayerSleep-1.20_2.13.54.jar
[22:15:27] [Server thread/INFO]: [SinglePlayerSleep] Server Version: 1.21-130-b1b5d4c (MC: 1.21)
[22:15:27] [Server thread/INFO]: [SinglePlayerSleep] Loading file version checker...
[22:15:27] [Server thread/INFO]: [SinglePlayerSleep] Loading config file...
[22:15:27] [Server thread/INFO]: [SinglePlayerSleep] Loading messages file...
[22:15:27] [Server thread/INFO]: [SinglePlayerSleep] Loading config.yml...
[22:15:27] [Server thread/INFO]: [SinglePlayerSleep] Loading messages.yml...
[22:15:27] [Server thread/INFO]: [SinglePlayerSleep] Checking for updates...
[22:15:27] [Server thread/INFO]: [SinglePlayerSleep] *!*!*!*!*!*!*!*!*!*!*!*!*!*!*!*!*!*!*!*!*!*!*!*!*!*!*!*
[22:15:27] [Server thread/INFO]: [SinglePlayerSleep] * Version is up to date!
[22:15:27] [Server thread/INFO]: [SinglePlayerSleep] * Donate: https://ko-fi.com/joelgodofwar
[22:15:27] [Server thread/INFO]: [SinglePlayerSleep] *!*!*!*!*!*!*!*!*!*!*!*!*!*!*!*!*!*!*!*!*!*!*!*!*!*!*!*
[22:15:27] [Server thread/INFO]: [SinglePlayerSleep] plugins/SinglePlayerSleep/permissions.yml
[22:15:28] [Server thread/INFO]: [SinglePlayerSleep]  v1.20_2.13.54 is ENABLED - Loading took 509 ms.
[22:15:28] [Server thread/INFO]: [DeathChest] Enabling DeathChest v2.2.8
[22:15:28] [Server thread/INFO]: [DeathChest] 0 death chests loaded in world "world"
[22:15:28] [Server thread/INFO]: [DeathChest]   Of these 0 have expired
[22:15:28] [Server thread/INFO]: [DeathChest] 0 death chests loaded in world "world_nether"
[22:15:28] [Server thread/INFO]: [DeathChest]   Of these 0 have expired
[22:15:28] [Server thread/INFO]: [DeathChest] 0 death chests loaded in world "world_the_end"
[22:15:28] [Server thread/INFO]: [DeathChest]   Of these 0 have expired
[22:15:28] [Server thread/INFO]: [Minepacks] Enabling Minepacks v2.4.32.1-T20250622105035
[22:15:28] [Server thread/INFO]: [Minepacks] Starting Minepacks in standalone mode!
[22:15:28] [Server thread/INFO]: [Minepacks] Config file successfully loaded.
[22:15:29] [Server thread/WARN]: [Minepacks] Paper support is experimental! Use at your own risk!
[22:15:29] [Server thread/WARN]: [Minepacks] No guarantee for data integrity! Backup constantly!
[22:15:29] [Server thread/INFO]: [Minepacks] Language file successfully loaded. Language: english  Author: GeorgH93
[22:15:29] [Server thread/INFO]: [at.pcgamingfreaks.MinepacksStandalone.libs.com.zaxxer.hikari.HikariDataSource] Minepacks-Connection-Pool - Starting...
[22:15:29] [Server thread/INFO]: [at.pcgamingfreaks.MinepacksStandalone.libs.com.zaxxer.hikari.HikariDataSource] Minepacks-Connection-Pool - Start completed.
[22:15:29] [Server thread/INFO]: [Minepacks] Item name language file successfully loaded. Language: english  Author: GeorgH93
[22:15:29] [Server thread/INFO]: [Minepacks] Loading item translations ...
[22:15:29] [Server thread/INFO]: [Minepacks] Finished loading item translations for 826 items.
[22:15:29] [Server thread/INFO]: [Minepacks]  Minepacks has been enabled!  :) 
[22:15:29] [Server thread/INFO]: [EssentialsChat] Enabling EssentialsChat v2.21.1
[22:15:30] [Server thread/INFO]: [EssentialsChat] Starting Metrics. Opt-out using the global bStats config.
[22:15:30] [Server thread/INFO]: [ChestShop] Enabling ChestShop v3.12.2 (build 353)
[22:15:30] [Server thread/INFO]: [ChestShop] Found locales zh_tw, zh, vi, uk, tr, sv, sr, ru, ro, pt_br, pl, no, nl, ko, ja, it, hu, he, fr, fi, es_mx, es, en, el, de, da, cs, ca, ar, af
[22:15:31] [Server thread/INFO]: [ChestShop] BlockLocker version 1.13 loaded.
[22:15:31] [Server thread/INFO]: [ChestShop] Using EssentialsX Economy as the Economy provider now.
[22:15:31] [Server thread/INFO]: [ChestShop] Vault loaded!
[22:15:31] [Server thread/INFO]: [ChestShop] Using Paper's BlockDestroyEvent instead of the BlockPhysicsEvent!
[22:15:31] [Server thread/INFO]: [ChestShop] Auto-updater is disabled. If you want the plugin to automatically download new releases then set 'TURN_OFF_UPDATES' to 'false' in your config.yml!
[22:15:31] [Server thread/INFO]: [spark] Starting background profiler...
[22:15:32] [Server thread/INFO]: Done preparing level "world" (36.463s)
[22:15:32] [Server thread/INFO]: Running delayed init tasks
[22:15:32] [Server thread/INFO]: [Essentials] Essentials found a compatible payment resolution method: Vault Compatibility Layer (v1.7.3-b131)!
[22:15:32] [Craft Scheduler Thread - 7 - Vault/INFO]: [Vault] Checking for Updates ... 
[22:15:32] [Craft Scheduler Thread - 4 - Essentials/INFO]: [Essentials] Fetching version information...
[22:15:32] [Server thread/INFO]: Done (90.930s)! For help, type "help"
[22:15:32] [Server thread/INFO]: Timings Reset
[22:15:32] [Craft Scheduler Thread - 7 - Vault/INFO]: [Vault] No new version available
[22:15:33] [Dynmap Render Thread/INFO]: [dynmap] Loading default resource pack
